2025-07-12 00:18:15.106 | WARNING  | utils.debug_utils:check_data_sanity:18 - edge_scanner: NaNs found—filling with 0
2025-07-12 00:18:15.108 | INFO     | core.edge_scanner:scan_for_edges:42 - Scanning temporal: Calendar patterns (e.g., day-of-week returns diffs)
2025-07-12 00:18:15.111 | DEBUG    | utils.debug_utils:log_var_state:23 - broad_results: {'strength': np.float64(0.0004747480053472638), 'signif': np.float64(0.024475765684454545)}...
2025-07-12 00:18:15.111 | WARNING  | core.edge_scanner:scan_for_edges:61 - temporal low overall/better conditions—check if hidden in other types
2025-07-12 00:18:15.112 | INFO     | core.edge_scanner:scan_for_edges:42 - Scanning directional: Long/short bias (e.g., positive drift in sims)
2025-07-12 00:18:15.115 | DEBUG    | utils.debug_utils:log_var_state:23 - broad_results: {'strength': np.float64(0.0004747480053472638), 'signif': np.float64(0.024475765684454545)}...
2025-07-12 00:18:15.115 | WARNING  | core.edge_scanner:scan_for_edges:61 - directional low overall/better conditions—check if hidden in other types
2025-07-12 00:18:15.115 | INFO     | core.edge_scanner:scan_for_edges:42 - Scanning behavioral: Trend/reversion/chop (e.g., autocorrelation tests)
2025-07-12 00:18:15.118 | DEBUG    | utils.debug_utils:log_var_state:23 - broad_results: {'strength': np.float64(0.0004747480053472638), 'signif': np.float64(0.024475765684454545)}...
2025-07-12 00:18:15.118 | WARNING  | core.edge_scanner:scan_for_edges:61 - behavioral low overall/better conditions—check if hidden in other types
2025-07-12 00:18:15.119 | INFO     | core.edge_scanner:scan_for_edges:42 - Scanning conditional: Regime-dependent (e.g., subset tests on vol)
2025-07-12 00:18:15.121 | DEBUG    | utils.debug_utils:log_var_state:23 - broad_results: {'strength': np.float64(0.0004747480053472638), 'signif': np.float64(0.024475765684454545)}...
2025-07-12 00:18:15.122 | WARNING  | core.edge_scanner:scan_for_edges:61 - conditional low overall/better conditions—check if hidden in other types
2025-07-12 00:18:15.122 | INFO     | core.edge_scanner:scan_for_edges:42 - Scanning event_driven: News reactions (e.g., isolate Fed days)
2025-07-12 00:18:15.124 | DEBUG    | utils.debug_utils:log_var_state:23 - broad_results: {'strength': np.float64(0.0004747480053472638), 'signif': np.float64(0.024475765684454545)}...
2025-07-12 00:18:15.124 | WARNING  | core.edge_scanner:scan_for_edges:61 - event_driven low overall/better conditions—check if hidden in other types
2025-07-12 00:18:15.125 | INFO     | core.edge_scanner:scan_for_edges:42 - Scanning intermarket: Cross-asset links (e.g., correlation tests)
2025-07-12 00:18:15.127 | DEBUG    | utils.debug_utils:log_var_state:23 - broad_results: {'strength': np.float64(0.0004747480053472638), 'signif': np.float64(0.024475765684454545)}...
2025-07-12 00:18:15.127 | WARNING  | core.edge_scanner:scan_for_edges:61 - intermarket low overall/better conditions—check if hidden in other types
2025-07-12 00:18:15.127 | INFO     | core.edge_scanner:scan_for_edges:42 - Scanning microstructural: Volume/VWAP patterns
2025-07-12 00:18:15.130 | DEBUG    | utils.debug_utils:log_var_state:23 - broad_results: {'strength': np.float64(0.0004747480053472638), 'signif': np.float64(0.024475765684454545)}...
2025-07-12 00:18:15.130 | WARNING  | core.edge_scanner:scan_for_edges:61 - microstructural low overall/better conditions—check if hidden in other types
2025-07-12 00:18:15.131 | INFO     | core.edge_scanner:scan_for_edges:42 - Scanning sentiment_flow: Positioning extremes (e.g., COT data if available)
2025-07-12 00:18:15.134 | DEBUG    | utils.debug_utils:log_var_state:23 - broad_results: {'strength': np.float64(0.0004747480053472638), 'signif': np.float64(0.024475765684454545)}...
2025-07-12 00:18:15.134 | WARNING  | core.edge_scanner:scan_for_edges:61 - sentiment_flow low overall/better conditions—check if hidden in other types
2025-07-12 00:18:15.134 | INFO     | core.edge_scanner:scan_for_edges:63 - Scan complete: 8 potential patterns found
2025-07-12 00:18:15.134 | INFO     | utils.logger:wrapper:135 - scan_for_edges completed in 0.03s
2025-07-12 00:18:15.135 | INFO     | core.fingerprint_classifier:classify_edges:28 - Tagging temporal
2025-07-12 00:18:15.135 | INFO     | core.fingerprint_classifier:classify_edges:28 - Tagging directional
2025-07-12 00:18:15.135 | INFO     | core.fingerprint_classifier:classify_edges:28 - Tagging behavioral
2025-07-12 00:18:15.135 | INFO     | core.fingerprint_classifier:classify_edges:28 - Tagging conditional
2025-07-12 00:18:15.135 | INFO     | core.fingerprint_classifier:classify_edges:28 - Tagging event_driven
2025-07-12 00:18:15.136 | INFO     | core.fingerprint_classifier:classify_edges:28 - Tagging intermarket
2025-07-12 00:18:15.136 | INFO     | core.fingerprint_classifier:classify_edges:28 - Tagging microstructural
2025-07-12 00:18:15.136 | INFO     | core.fingerprint_classifier:classify_edges:28 - Tagging sentiment_flow
2025-07-12 00:18:15.136 | INFO     | core.fingerprint_classifier:classify_edges:39 - Tagging complete: 8 patterns named
2025-07-12 00:18:15.136 | INFO     | utils.logger:wrapper:135 - classify_edges completed in 0.00s
2025-07-12 00:18:15.138 | WARNING  | utils.debug_utils:check_data_sanity:18 - pattern_evolver: NaNs found—filling with 0
2025-07-12 00:18:15.143 | INFO     | core.fingerprint_evolver:evolve_edges:40 - Tracking temporal
2025-07-12 00:18:15.147 | DEBUG    | utils.debug_utils:log_var_state:23 - rolling_strengths: [np.float64(0.0006409444729529955), np.float64(0.0006754025455550067), np.float64(0.0006962233435944313), np.float64(0.0006081983320707504), np.float64(0.0006396278296491949), np.float64(0.00056667239...
2025-07-12 00:18:15.471 | INFO     | utils.debug_utils:safe_save:44 - Saved PNG file: docs\plots\2025-07-12\00-18-15/temporal_change_2025-07-12_00-18-15.png
2025-07-12 00:18:15.471 | INFO     | core.fingerprint_evolver:evolve_edges:88 - Saved line plot: docs\plots\2025-07-12\00-18-15/temporal_change_2025-07-12_00-18-15.png
2025-07-12 00:18:15.511 | INFO     | core.fingerprint_evolver:evolve_edges:40 - Tracking directional
2025-07-12 00:18:15.516 | DEBUG    | utils.debug_utils:log_var_state:23 - rolling_strengths: [np.float64(0.0005684404284723969), np.float64(0.0006123237729819182), np.float64(0.000622264130572965), np.float64(0.0006089329422623872), np.float64(0.0005490356724276982), np.float64(0.000623950184...
2025-07-12 00:18:15.733 | INFO     | utils.debug_utils:safe_save:44 - Saved PNG file: docs\plots\2025-07-12\00-18-15/directional_change_2025-07-12_00-18-15.png
2025-07-12 00:18:15.733 | INFO     | core.fingerprint_evolver:evolve_edges:88 - Saved line plot: docs\plots\2025-07-12\00-18-15/directional_change_2025-07-12_00-18-15.png
2025-07-12 00:18:15.759 | INFO     | core.fingerprint_evolver:evolve_edges:40 - Tracking behavioral
2025-07-12 00:18:15.764 | DEBUG    | utils.debug_utils:log_var_state:23 - rolling_strengths: [np.float64(0.0006355813285259517), np.float64(0.0004761340439443248), np.float64(0.0006107626853684863), np.float64(0.0005538119132292498), np.float64(0.0006302765942617722), np.float64(0.00061749496...
2025-07-12 00:18:15.961 | INFO     | utils.debug_utils:safe_save:44 - Saved PNG file: docs\plots\2025-07-12\00-18-15/behavioral_change_2025-07-12_00-18-15.png
2025-07-12 00:18:15.961 | INFO     | core.fingerprint_evolver:evolve_edges:88 - Saved line plot: docs\plots\2025-07-12\00-18-15/behavioral_change_2025-07-12_00-18-15.png
2025-07-12 00:18:15.987 | INFO     | core.fingerprint_evolver:evolve_edges:40 - Tracking conditional
2025-07-12 00:18:15.991 | DEBUG    | utils.debug_utils:log_var_state:23 - rolling_strengths: [np.float64(0.0006014184732435202), np.float64(0.0005951994307470093), np.float64(0.0006066007450290489), np.float64(0.0005482054274535377), np.float64(0.000597703822129688), np.float64(0.000646202949...
2025-07-12 00:18:16.191 | INFO     | utils.debug_utils:safe_save:44 - Saved PNG file: docs\plots\2025-07-12\00-18-16/conditional_change_2025-07-12_00-18-16.png
2025-07-12 00:18:16.192 | INFO     | core.fingerprint_evolver:evolve_edges:88 - Saved line plot: docs\plots\2025-07-12\00-18-16/conditional_change_2025-07-12_00-18-16.png
2025-07-12 00:18:16.216 | INFO     | core.fingerprint_evolver:evolve_edges:40 - Tracking event_driven
2025-07-12 00:18:16.221 | DEBUG    | utils.debug_utils:log_var_state:23 - rolling_strengths: [np.float64(0.000589867672444085), np.float64(0.0005323509619887824), np.float64(0.0006741110660669281), np.float64(0.0006127103351788265), np.float64(0.0005406071659041402), np.float64(0.000654951622...
2025-07-12 00:18:16.418 | INFO     | utils.debug_utils:safe_save:44 - Saved PNG file: docs\plots\2025-07-12\00-18-16/event_driven_change_2025-07-12_00-18-16.png
2025-07-12 00:18:16.418 | INFO     | core.fingerprint_evolver:evolve_edges:88 - Saved line plot: docs\plots\2025-07-12\00-18-16/event_driven_change_2025-07-12_00-18-16.png
2025-07-12 00:18:16.444 | INFO     | core.fingerprint_evolver:evolve_edges:40 - Tracking intermarket
2025-07-12 00:18:16.448 | DEBUG    | utils.debug_utils:log_var_state:23 - rolling_strengths: [np.float64(0.0005492118689953036), np.float64(0.0006049934082144473), np.float64(0.0006126517853174992), np.float64(0.0006407413767060583), np.float64(0.0005259495323666041), np.float64(0.00067055627...
2025-07-12 00:18:16.644 | INFO     | utils.debug_utils:safe_save:44 - Saved PNG file: docs\plots\2025-07-12\00-18-16/intermarket_change_2025-07-12_00-18-16.png
2025-07-12 00:18:16.645 | INFO     | core.fingerprint_evolver:evolve_edges:88 - Saved line plot: docs\plots\2025-07-12\00-18-16/intermarket_change_2025-07-12_00-18-16.png
2025-07-12 00:18:16.674 | INFO     | core.fingerprint_evolver:evolve_edges:40 - Tracking microstructural
2025-07-12 00:18:16.678 | DEBUG    | utils.debug_utils:log_var_state:23 - rolling_strengths: [np.float64(0.0005284659190338059), np.float64(0.0005822931179203541), np.float64(0.0004240407440094346), np.float64(0.0005243077285815964), np.float64(0.00047770910075775895), np.float64(0.0006265404...
2025-07-12 00:18:16.876 | INFO     | utils.debug_utils:safe_save:44 - Saved PNG file: docs\plots\2025-07-12\00-18-16/microstructural_change_2025-07-12_00-18-16.png
2025-07-12 00:18:16.876 | INFO     | core.fingerprint_evolver:evolve_edges:88 - Saved line plot: docs\plots\2025-07-12\00-18-16/microstructural_change_2025-07-12_00-18-16.png
2025-07-12 00:18:16.901 | INFO     | core.fingerprint_evolver:evolve_edges:40 - Tracking sentiment_flow
2025-07-12 00:18:16.905 | DEBUG    | utils.debug_utils:log_var_state:23 - rolling_strengths: [np.float64(0.0005275771955937699), np.float64(0.0005834702833219114), np.float64(0.0005538628600374076), np.float64(0.0005144739757464553), np.float64(0.0006775711869529945), np.float64(0.00056485860...
2025-07-12 00:18:17.099 | INFO     | utils.debug_utils:safe_save:44 - Saved PNG file: docs\plots\2025-07-12\00-18-17/sentiment_flow_change_2025-07-12_00-18-17.png
2025-07-12 00:18:17.099 | INFO     | core.fingerprint_evolver:evolve_edges:88 - Saved line plot: docs\plots\2025-07-12\00-18-17/sentiment_flow_change_2025-07-12_00-18-17.png
2025-07-12 00:18:17.362 | INFO     | utils.debug_utils:safe_save:44 - Saved PNG file: docs\plots\2025-07-12\00-18-17/all_patterns_bar_2025-07-12_00-18-17.png
2025-07-12 00:18:17.363 | INFO     | core.fingerprint_evolver:evolve_edges:104 - Saved bar plot: docs\plots\2025-07-12\00-18-17/all_patterns_bar_2025-07-12_00-18-17.png
2025-07-12 00:18:17.388 | INFO     | utils.logger:wrapper:135 - evolve_edges completed in 2.25s
2025-07-12 00:18:17.684 | INFO     | utils.debug_utils:safe_save:44 - Saved PNG file: docs\plots\2025-07-12\00-18-17/daily_patterns_found.png_2025-07-12_00-18-17.png
2025-07-12 00:18:17.958 | INFO     | utils.debug_utils:safe_save:44 - Saved PNG file: docs\plots\2025-07-12\00-18-17/daily_best_ways.png_2025-07-12_00-18-17.png
2025-07-12 00:18:18.162 | INFO     | utils.debug_utils:safe_save:44 - Saved PNG file: docs\plots\2025-07-12\00-18-18/daily_hold_times.png_2025-07-12_00-18-18.png
2025-07-12 00:18:18.446 | INFO     | utils.debug_utils:safe_save:44 - Saved PNG file: docs\plots\2025-07-12\00-18-18/daily_changes.png_2025-07-12_00-18-18.png
2025-07-12 00:18:18.449 | WARNING  | utils.debug_utils:check_data_sanity:18 - backtester: NaNs found—filling with 0
2025-07-12 00:18:18.460 | ERROR    | utils.logger:wrapper:156 - Error in run: cannot access local variable 'entry' where it is not associated with a value
2025-07-12 00:18:18.460 | ERROR    | utils.logger:wrapper:139 - run failed after 0.00s: cannot access local variable 'entry' where it is not associated with a value
