2025-07-12 00:15:07.323 | WARNING  | utils.debug_utils:check_data_sanity:18 - edge_scanner: NaNs found—filling with 0
2025-07-12 00:15:07.325 | INFO     | core.edge_scanner:scan_for_edges:42 - Scanning temporal: Calendar patterns (e.g., day-of-week returns diffs)
2025-07-12 00:15:07.329 | DEBUG    | utils.debug_utils:log_var_state:23 - broad_results: {'strength': np.float64(0.0004747480053472638), 'signif': np.float64(0.024475765684454545)}...
2025-07-12 00:15:07.330 | WARNING  | core.edge_scanner:scan_for_edges:61 - temporal low overall/better conditions—check if hidden in other types
2025-07-12 00:15:07.330 | INFO     | core.edge_scanner:scan_for_edges:42 - Scanning directional: Long/short bias (e.g., positive drift in sims)
2025-07-12 00:15:07.333 | DEBUG    | utils.debug_utils:log_var_state:23 - broad_results: {'strength': np.float64(0.0004747480053472638), 'signif': np.float64(0.024475765684454545)}...
2025-07-12 00:15:07.333 | WARNING  | core.edge_scanner:scan_for_edges:61 - directional low overall/better conditions—check if hidden in other types
2025-07-12 00:15:07.334 | INFO     | core.edge_scanner:scan_for_edges:42 - Scanning behavioral: Trend/reversion/chop (e.g., autocorrelation tests)
2025-07-12 00:15:07.336 | DEBUG    | utils.debug_utils:log_var_state:23 - broad_results: {'strength': np.float64(0.0004747480053472638), 'signif': np.float64(0.024475765684454545)}...
2025-07-12 00:15:07.336 | WARNING  | core.edge_scanner:scan_for_edges:61 - behavioral low overall/better conditions—check if hidden in other types
2025-07-12 00:15:07.337 | INFO     | core.edge_scanner:scan_for_edges:42 - Scanning conditional: Regime-dependent (e.g., subset tests on vol)
2025-07-12 00:15:07.339 | DEBUG    | utils.debug_utils:log_var_state:23 - broad_results: {'strength': np.float64(0.0004747480053472638), 'signif': np.float64(0.024475765684454545)}...
2025-07-12 00:15:07.339 | WARNING  | core.edge_scanner:scan_for_edges:61 - conditional low overall/better conditions—check if hidden in other types
2025-07-12 00:15:07.340 | INFO     | core.edge_scanner:scan_for_edges:42 - Scanning event_driven: News reactions (e.g., isolate Fed days)
2025-07-12 00:15:07.342 | DEBUG    | utils.debug_utils:log_var_state:23 - broad_results: {'strength': np.float64(0.0004747480053472638), 'signif': np.float64(0.024475765684454545)}...
2025-07-12 00:15:07.342 | WARNING  | core.edge_scanner:scan_for_edges:61 - event_driven low overall/better conditions—check if hidden in other types
2025-07-12 00:15:07.342 | INFO     | core.edge_scanner:scan_for_edges:42 - Scanning intermarket: Cross-asset links (e.g., correlation tests)
2025-07-12 00:15:07.345 | DEBUG    | utils.debug_utils:log_var_state:23 - broad_results: {'strength': np.float64(0.0004747480053472638), 'signif': np.float64(0.024475765684454545)}...
2025-07-12 00:15:07.345 | WARNING  | core.edge_scanner:scan_for_edges:61 - intermarket low overall/better conditions—check if hidden in other types
2025-07-12 00:15:07.345 | INFO     | core.edge_scanner:scan_for_edges:42 - Scanning microstructural: Volume/VWAP patterns
2025-07-12 00:15:07.348 | DEBUG    | utils.debug_utils:log_var_state:23 - broad_results: {'strength': np.float64(0.0004747480053472638), 'signif': np.float64(0.024475765684454545)}...
2025-07-12 00:15:07.348 | WARNING  | core.edge_scanner:scan_for_edges:61 - microstructural low overall/better conditions—check if hidden in other types
2025-07-12 00:15:07.349 | INFO     | core.edge_scanner:scan_for_edges:42 - Scanning sentiment_flow: Positioning extremes (e.g., COT data if available)
2025-07-12 00:15:07.351 | DEBUG    | utils.debug_utils:log_var_state:23 - broad_results: {'strength': np.float64(0.0004747480053472638), 'signif': np.float64(0.024475765684454545)}...
2025-07-12 00:15:07.352 | WARNING  | core.edge_scanner:scan_for_edges:61 - sentiment_flow low overall/better conditions—check if hidden in other types
2025-07-12 00:15:07.352 | INFO     | core.edge_scanner:scan_for_edges:63 - Scan complete: 8 potential patterns found
2025-07-12 00:15:07.352 | INFO     | utils.logger:wrapper:135 - scan_for_edges completed in 0.03s
2025-07-12 00:15:07.352 | INFO     | core.fingerprint_classifier:classify_edges:28 - Tagging temporal
2025-07-12 00:15:07.353 | INFO     | core.fingerprint_classifier:classify_edges:28 - Tagging directional
2025-07-12 00:15:07.353 | INFO     | core.fingerprint_classifier:classify_edges:28 - Tagging behavioral
2025-07-12 00:15:07.353 | INFO     | core.fingerprint_classifier:classify_edges:28 - Tagging conditional
2025-07-12 00:15:07.353 | INFO     | core.fingerprint_classifier:classify_edges:28 - Tagging event_driven
2025-07-12 00:15:07.353 | INFO     | core.fingerprint_classifier:classify_edges:28 - Tagging intermarket
2025-07-12 00:15:07.354 | INFO     | core.fingerprint_classifier:classify_edges:28 - Tagging microstructural
2025-07-12 00:15:07.354 | INFO     | core.fingerprint_classifier:classify_edges:28 - Tagging sentiment_flow
2025-07-12 00:15:07.354 | INFO     | core.fingerprint_classifier:classify_edges:39 - Tagging complete: 8 patterns named
2025-07-12 00:15:07.354 | INFO     | utils.logger:wrapper:135 - classify_edges completed in 0.00s
2025-07-12 00:15:07.355 | WARNING  | utils.debug_utils:check_data_sanity:18 - pattern_evolver: NaNs found—filling with 0
2025-07-12 00:15:07.361 | INFO     | core.fingerprint_evolver:evolve_edges:40 - Tracking temporal
2025-07-12 00:15:07.365 | DEBUG    | utils.debug_utils:log_var_state:23 - rolling_strengths: [np.float64(0.0005652359734512513), np.float64(0.0005379078223699048), np.float64(0.0007280255012865982), np.float64(0.0004911970577119419), np.float64(0.0007396530029965985), np.float64(0.00054762115...
2025-07-12 00:15:07.717 | INFO     | utils.debug_utils:safe_save:44 - Saved PNG file: docs\plots\2025-07-12\00-15-07/temporal_change_2025-07-12_00-15-07.png
2025-07-12 00:15:07.717 | INFO     | core.fingerprint_evolver:evolve_edges:88 - Saved line plot: docs\plots\2025-07-12\00-15-07/temporal_change_2025-07-12_00-15-07.png
2025-07-12 00:15:07.761 | INFO     | core.fingerprint_evolver:evolve_edges:40 - Tracking directional
2025-07-12 00:15:07.766 | DEBUG    | utils.debug_utils:log_var_state:23 - rolling_strengths: [np.float64(0.0004267214444433306), np.float64(0.0005270388896291906), np.float64(0.0005580796988174856), np.float64(0.0006093922774901301), np.float64(0.0006672177504478321), np.float64(0.00070633815...
2025-07-12 00:15:07.977 | INFO     | utils.debug_utils:safe_save:44 - Saved PNG file: docs\plots\2025-07-12\00-15-07/directional_change_2025-07-12_00-15-07.png
2025-07-12 00:15:07.977 | INFO     | core.fingerprint_evolver:evolve_edges:88 - Saved line plot: docs\plots\2025-07-12\00-15-07/directional_change_2025-07-12_00-15-07.png
2025-07-12 00:15:08.002 | INFO     | core.fingerprint_evolver:evolve_edges:40 - Tracking behavioral
2025-07-12 00:15:08.007 | DEBUG    | utils.debug_utils:log_var_state:23 - rolling_strengths: [np.float64(0.0007468919825619232), np.float64(0.000669591832087643), np.float64(0.0006979992495253561), np.float64(0.0006230551495394339), np.float64(0.000666762697060596), np.float64(0.0006295483043...
2025-07-12 00:15:08.204 | INFO     | utils.debug_utils:safe_save:44 - Saved PNG file: docs\plots\2025-07-12\00-15-08/behavioral_change_2025-07-12_00-15-08.png
2025-07-12 00:15:08.204 | INFO     | core.fingerprint_evolver:evolve_edges:88 - Saved line plot: docs\plots\2025-07-12\00-15-08/behavioral_change_2025-07-12_00-15-08.png
2025-07-12 00:15:08.228 | INFO     | core.fingerprint_evolver:evolve_edges:40 - Tracking conditional
2025-07-12 00:15:08.233 | DEBUG    | utils.debug_utils:log_var_state:23 - rolling_strengths: [np.float64(0.000632486271071964), np.float64(0.0005989207743124785), np.float64(0.0005081869436473854), np.float64(0.0006827082891271331), np.float64(0.0006367101906527662), np.float64(0.000560559389...
2025-07-12 00:15:08.432 | INFO     | utils.debug_utils:safe_save:44 - Saved PNG file: docs\plots\2025-07-12\00-15-08/conditional_change_2025-07-12_00-15-08.png
2025-07-12 00:15:08.433 | INFO     | core.fingerprint_evolver:evolve_edges:88 - Saved line plot: docs\plots\2025-07-12\00-15-08/conditional_change_2025-07-12_00-15-08.png
2025-07-12 00:15:08.457 | INFO     | core.fingerprint_evolver:evolve_edges:40 - Tracking event_driven
2025-07-12 00:15:08.461 | DEBUG    | utils.debug_utils:log_var_state:23 - rolling_strengths: [np.float64(0.0006648079577723274), np.float64(0.0005890613840712134), np.float64(0.0005912663227053562), np.float64(0.0006065804935245064), np.float64(0.0006027637965481951), np.float64(0.00068899017...
2025-07-12 00:15:08.667 | INFO     | utils.debug_utils:safe_save:44 - Saved PNG file: docs\plots\2025-07-12\00-15-08/event_driven_change_2025-07-12_00-15-08.png
2025-07-12 00:15:08.667 | INFO     | core.fingerprint_evolver:evolve_edges:88 - Saved line plot: docs\plots\2025-07-12\00-15-08/event_driven_change_2025-07-12_00-15-08.png
2025-07-12 00:15:08.696 | INFO     | core.fingerprint_evolver:evolve_edges:40 - Tracking intermarket
2025-07-12 00:15:08.700 | DEBUG    | utils.debug_utils:log_var_state:23 - rolling_strengths: [np.float64(0.0005666939980998664), np.float64(0.0004984035944226232), np.float64(0.0006678018737235568), np.float64(0.0005516418427873548), np.float64(0.0006444264641228026), np.float64(0.00058342833...
2025-07-12 00:15:08.897 | INFO     | utils.debug_utils:safe_save:44 - Saved PNG file: docs\plots\2025-07-12\00-15-08/intermarket_change_2025-07-12_00-15-08.png
2025-07-12 00:15:08.897 | INFO     | core.fingerprint_evolver:evolve_edges:88 - Saved line plot: docs\plots\2025-07-12\00-15-08/intermarket_change_2025-07-12_00-15-08.png
2025-07-12 00:15:08.923 | INFO     | core.fingerprint_evolver:evolve_edges:40 - Tracking microstructural
2025-07-12 00:15:08.927 | DEBUG    | utils.debug_utils:log_var_state:23 - rolling_strengths: [np.float64(0.000569399143601981), np.float64(0.0005404158138680375), np.float64(0.0005435617340933636), np.float64(0.0006949104811154481), np.float64(0.0005007321065222915), np.float64(0.000639995754...
2025-07-12 00:15:09.121 | INFO     | utils.debug_utils:safe_save:44 - Saved PNG file: docs\plots\2025-07-12\00-15-09/microstructural_change_2025-07-12_00-15-09.png
2025-07-12 00:15:09.121 | INFO     | core.fingerprint_evolver:evolve_edges:88 - Saved line plot: docs\plots\2025-07-12\00-15-09/microstructural_change_2025-07-12_00-15-09.png
2025-07-12 00:15:09.146 | INFO     | core.fingerprint_evolver:evolve_edges:40 - Tracking sentiment_flow
2025-07-12 00:15:09.150 | DEBUG    | utils.debug_utils:log_var_state:23 - rolling_strengths: [np.float64(0.0005650993468342318), np.float64(0.0006279778141931314), np.float64(0.0005828055943332888), np.float64(0.0005278193474593819), np.float64(0.000631135869775604), np.float64(0.000696235132...
2025-07-12 00:15:09.350 | INFO     | utils.debug_utils:safe_save:44 - Saved PNG file: docs\plots\2025-07-12\00-15-09/sentiment_flow_change_2025-07-12_00-15-09.png
2025-07-12 00:15:09.350 | INFO     | core.fingerprint_evolver:evolve_edges:88 - Saved line plot: docs\plots\2025-07-12\00-15-09/sentiment_flow_change_2025-07-12_00-15-09.png
2025-07-12 00:15:09.612 | INFO     | utils.debug_utils:safe_save:44 - Saved PNG file: docs\plots\2025-07-12\00-15-09/all_patterns_bar_2025-07-12_00-15-09.png
2025-07-12 00:15:09.613 | INFO     | core.fingerprint_evolver:evolve_edges:104 - Saved bar plot: docs\plots\2025-07-12\00-15-09/all_patterns_bar_2025-07-12_00-15-09.png
2025-07-12 00:15:09.641 | INFO     | utils.logger:wrapper:135 - evolve_edges completed in 2.29s
2025-07-12 00:15:09.938 | INFO     | utils.debug_utils:safe_save:44 - Saved PNG file: docs\plots\2025-07-12\00-15-09/daily_patterns_found.png_2025-07-12_00-15-09.png
2025-07-12 00:15:10.209 | INFO     | utils.debug_utils:safe_save:44 - Saved PNG file: docs\plots\2025-07-12\00-15-10/daily_best_ways.png_2025-07-12_00-15-10.png
2025-07-12 00:15:10.413 | INFO     | utils.debug_utils:safe_save:44 - Saved PNG file: docs\plots\2025-07-12\00-15-10/daily_hold_times.png_2025-07-12_00-15-10.png
2025-07-12 00:15:10.698 | INFO     | utils.debug_utils:safe_save:44 - Saved PNG file: docs\plots\2025-07-12\00-15-10/daily_changes.png_2025-07-12_00-15-10.png
2025-07-12 00:15:10.701 | WARNING  | utils.debug_utils:check_data_sanity:18 - backtester: NaNs found—filling with 0
2025-07-12 00:15:10.712 | ERROR    | utils.logger:wrapper:156 - Error in run: cannot access local variable 'entry' where it is not associated with a value
2025-07-12 00:15:10.712 | ERROR    | utils.logger:wrapper:139 - run failed after 0.00s: cannot access local variable 'entry' where it is not associated with a value
