2025-07-12 00:03:08.823 | WARNING  | utils.debug_utils:check_data_sanity:18 - edge_scanner: NaNs found—filling with 0
2025-07-12 00:03:08.824 | INFO     | core.edge_scanner:scan_for_edges:42 - Scanning temporal: Calendar patterns (e.g., day-of-week returns diffs)
2025-07-12 00:03:08.828 | DEBUG    | utils.debug_utils:log_var_state:23 - broad_results: {'strength': np.float64(0.0004747480053472638), 'signif': np.float64(0.024475765684454545)}...
2025-07-12 00:03:08.829 | WARNING  | core.edge_scanner:scan_for_edges:61 - temporal low overall/better conditions—check if hidden in other types
2025-07-12 00:03:08.829 | INFO     | core.edge_scanner:scan_for_edges:42 - Scanning directional: Long/short bias (e.g., positive drift in sims)
2025-07-12 00:03:08.832 | DEBUG    | utils.debug_utils:log_var_state:23 - broad_results: {'strength': np.float64(0.0004747480053472638), 'signif': np.float64(0.024475765684454545)}...
2025-07-12 00:03:08.833 | WARNING  | core.edge_scanner:scan_for_edges:61 - directional low overall/better conditions—check if hidden in other types
2025-07-12 00:03:08.833 | INFO     | core.edge_scanner:scan_for_edges:42 - Scanning behavioral: Trend/reversion/chop (e.g., autocorrelation tests)
2025-07-12 00:03:08.837 | DEBUG    | utils.debug_utils:log_var_state:23 - broad_results: {'strength': np.float64(0.0004747480053472638), 'signif': np.float64(0.024475765684454545)}...
2025-07-12 00:03:08.837 | WARNING  | core.edge_scanner:scan_for_edges:61 - behavioral low overall/better conditions—check if hidden in other types
2025-07-12 00:03:08.838 | INFO     | core.edge_scanner:scan_for_edges:42 - Scanning conditional: Regime-dependent (e.g., subset tests on vol)
2025-07-12 00:03:08.841 | DEBUG    | utils.debug_utils:log_var_state:23 - broad_results: {'strength': np.float64(0.0004747480053472638), 'signif': np.float64(0.024475765684454545)}...
2025-07-12 00:03:08.841 | WARNING  | core.edge_scanner:scan_for_edges:61 - conditional low overall/better conditions—check if hidden in other types
2025-07-12 00:03:08.841 | INFO     | core.edge_scanner:scan_for_edges:42 - Scanning event_driven: News reactions (e.g., isolate Fed days)
2025-07-12 00:03:08.845 | DEBUG    | utils.debug_utils:log_var_state:23 - broad_results: {'strength': np.float64(0.0004747480053472638), 'signif': np.float64(0.024475765684454545)}...
2025-07-12 00:03:08.845 | WARNING  | core.edge_scanner:scan_for_edges:61 - event_driven low overall/better conditions—check if hidden in other types
2025-07-12 00:03:08.846 | INFO     | core.edge_scanner:scan_for_edges:42 - Scanning intermarket: Cross-asset links (e.g., correlation tests)
2025-07-12 00:03:08.848 | DEBUG    | utils.debug_utils:log_var_state:23 - broad_results: {'strength': np.float64(0.0004747480053472638), 'signif': np.float64(0.024475765684454545)}...
2025-07-12 00:03:08.849 | WARNING  | core.edge_scanner:scan_for_edges:61 - intermarket low overall/better conditions—check if hidden in other types
2025-07-12 00:03:08.849 | INFO     | core.edge_scanner:scan_for_edges:42 - Scanning microstructural: Volume/VWAP patterns
2025-07-12 00:03:08.852 | DEBUG    | utils.debug_utils:log_var_state:23 - broad_results: {'strength': np.float64(0.0004747480053472638), 'signif': np.float64(0.024475765684454545)}...
2025-07-12 00:03:08.852 | WARNING  | core.edge_scanner:scan_for_edges:61 - microstructural low overall/better conditions—check if hidden in other types
2025-07-12 00:03:08.852 | INFO     | core.edge_scanner:scan_for_edges:42 - Scanning sentiment_flow: Positioning extremes (e.g., COT data if available)
2025-07-12 00:03:08.855 | DEBUG    | utils.debug_utils:log_var_state:23 - broad_results: {'strength': np.float64(0.0004747480053472638), 'signif': np.float64(0.024475765684454545)}...
2025-07-12 00:03:08.855 | WARNING  | core.edge_scanner:scan_for_edges:61 - sentiment_flow low overall/better conditions—check if hidden in other types
2025-07-12 00:03:08.856 | INFO     | core.edge_scanner:scan_for_edges:63 - Scan complete: 8 potential patterns found
2025-07-12 00:03:08.856 | INFO     | utils.logger:wrapper:135 - scan_for_edges completed in 0.03s
2025-07-12 00:03:08.856 | INFO     | core.fingerprint_classifier:classify_edges:28 - Tagging temporal
2025-07-12 00:03:08.856 | INFO     | core.fingerprint_classifier:classify_edges:28 - Tagging directional
2025-07-12 00:03:08.857 | INFO     | core.fingerprint_classifier:classify_edges:28 - Tagging behavioral
2025-07-12 00:03:08.857 | INFO     | core.fingerprint_classifier:classify_edges:28 - Tagging conditional
2025-07-12 00:03:08.857 | INFO     | core.fingerprint_classifier:classify_edges:28 - Tagging event_driven
2025-07-12 00:03:08.857 | INFO     | core.fingerprint_classifier:classify_edges:28 - Tagging intermarket
2025-07-12 00:03:08.857 | INFO     | core.fingerprint_classifier:classify_edges:28 - Tagging microstructural
2025-07-12 00:03:08.858 | INFO     | core.fingerprint_classifier:classify_edges:28 - Tagging sentiment_flow
2025-07-12 00:03:08.858 | INFO     | core.fingerprint_classifier:classify_edges:39 - Tagging complete: 8 patterns named
2025-07-12 00:03:08.858 | INFO     | utils.logger:wrapper:135 - classify_edges completed in 0.00s
2025-07-12 00:03:08.859 | WARNING  | utils.debug_utils:check_data_sanity:18 - pattern_evolver: NaNs found—filling with 0
2025-07-12 00:03:08.868 | INFO     | core.fingerprint_evolver:evolve_edges:40 - Tracking temporal
2025-07-12 00:03:08.872 | DEBUG    | utils.debug_utils:log_var_state:23 - rolling_strengths: [np.float64(0.0006120358288157191), np.float64(0.0005997370661270675), np.float64(0.0005768871441274129), np.float64(0.0005523505632140409), np.float64(0.0006297576319278737), np.float64(0.00062582374...
2025-07-12 00:03:09.203 | INFO     | utils.debug_utils:safe_save:44 - Saved PNG file: docs\plots\2025-07-12\00-03-09/temporal_change_2025-07-12_00-03-09.png
2025-07-12 00:03:09.204 | INFO     | core.fingerprint_evolver:evolve_edges:88 - Saved line plot: docs\plots\2025-07-12\00-03-09/temporal_change_2025-07-12_00-03-09.png
2025-07-12 00:03:09.249 | INFO     | core.fingerprint_evolver:evolve_edges:40 - Tracking directional
2025-07-12 00:03:09.253 | DEBUG    | utils.debug_utils:log_var_state:23 - rolling_strengths: [np.float64(0.0006197365838066745), np.float64(0.0005694443297994098), np.float64(0.0006550823118355354), np.float64(0.0007057338458777649), np.float64(0.0006481435063142634), np.float64(0.00059275889...
2025-07-12 00:03:09.465 | INFO     | utils.debug_utils:safe_save:44 - Saved PNG file: docs\plots\2025-07-12\00-03-09/directional_change_2025-07-12_00-03-09.png
2025-07-12 00:03:09.465 | INFO     | core.fingerprint_evolver:evolve_edges:88 - Saved line plot: docs\plots\2025-07-12\00-03-09/directional_change_2025-07-12_00-03-09.png
2025-07-12 00:03:09.494 | INFO     | core.fingerprint_evolver:evolve_edges:40 - Tracking behavioral
2025-07-12 00:03:09.498 | DEBUG    | utils.debug_utils:log_var_state:23 - rolling_strengths: [np.float64(0.0006827408122938648), np.float64(0.0006695422975238228), np.float64(0.0006188623053194721), np.float64(0.00048714894375196126), np.float64(0.0006110305901486897), np.float64(0.0006145148...
2025-07-12 00:03:09.693 | INFO     | utils.debug_utils:safe_save:44 - Saved PNG file: docs\plots\2025-07-12\00-03-09/behavioral_change_2025-07-12_00-03-09.png
2025-07-12 00:03:09.694 | INFO     | core.fingerprint_evolver:evolve_edges:88 - Saved line plot: docs\plots\2025-07-12\00-03-09/behavioral_change_2025-07-12_00-03-09.png
2025-07-12 00:03:09.720 | INFO     | core.fingerprint_evolver:evolve_edges:40 - Tracking conditional
2025-07-12 00:03:09.724 | DEBUG    | utils.debug_utils:log_var_state:23 - rolling_strengths: [np.float64(0.0005403618733221346), np.float64(0.000558476285830102), np.float64(0.0005835598259519878), np.float64(0.00048490344074233457), np.float64(0.0006430252052296352), np.float64(0.00059423288...
2025-07-12 00:03:09.922 | INFO     | utils.debug_utils:safe_save:44 - Saved PNG file: docs\plots\2025-07-12\00-03-09/conditional_change_2025-07-12_00-03-09.png
2025-07-12 00:03:09.922 | INFO     | core.fingerprint_evolver:evolve_edges:88 - Saved line plot: docs\plots\2025-07-12\00-03-09/conditional_change_2025-07-12_00-03-09.png
2025-07-12 00:03:09.950 | INFO     | core.fingerprint_evolver:evolve_edges:40 - Tracking event_driven
2025-07-12 00:03:09.955 | DEBUG    | utils.debug_utils:log_var_state:23 - rolling_strengths: [np.float64(0.0005194801199096164), np.float64(0.0004875883065528252), np.float64(0.0006870626921606235), np.float64(0.000617368836086719), np.float64(0.0005582108881572546), np.float64(0.000657213719...
2025-07-12 00:03:10.170 | INFO     | utils.debug_utils:safe_save:44 - Saved PNG file: docs\plots\2025-07-12\00-03-10/event_driven_change_2025-07-12_00-03-10.png
2025-07-12 00:03:10.170 | INFO     | core.fingerprint_evolver:evolve_edges:88 - Saved line plot: docs\plots\2025-07-12\00-03-10/event_driven_change_2025-07-12_00-03-10.png
2025-07-12 00:03:10.199 | INFO     | core.fingerprint_evolver:evolve_edges:40 - Tracking intermarket
2025-07-12 00:03:10.204 | DEBUG    | utils.debug_utils:log_var_state:23 - rolling_strengths: [np.float64(0.0005636677754413649), np.float64(0.0006160006114883973), np.float64(0.0005527718739993661), np.float64(0.0005113133101556668), np.float64(0.0006398012422192351), np.float64(0.00069013655...
2025-07-12 00:03:10.406 | INFO     | utils.debug_utils:safe_save:44 - Saved PNG file: docs\plots\2025-07-12\00-03-10/intermarket_change_2025-07-12_00-03-10.png
2025-07-12 00:03:10.406 | INFO     | core.fingerprint_evolver:evolve_edges:88 - Saved line plot: docs\plots\2025-07-12\00-03-10/intermarket_change_2025-07-12_00-03-10.png
2025-07-12 00:03:10.433 | INFO     | core.fingerprint_evolver:evolve_edges:40 - Tracking microstructural
2025-07-12 00:03:10.437 | DEBUG    | utils.debug_utils:log_var_state:23 - rolling_strengths: [np.float64(0.000723370324348973), np.float64(0.000548795647717674), np.float64(0.0005609498536704114), np.float64(0.0006478781678395272), np.float64(0.0006131473494554026), np.float64(0.0006185191365...
2025-07-12 00:03:10.642 | INFO     | utils.debug_utils:safe_save:44 - Saved PNG file: docs\plots\2025-07-12\00-03-10/microstructural_change_2025-07-12_00-03-10.png
2025-07-12 00:03:10.643 | INFO     | core.fingerprint_evolver:evolve_edges:88 - Saved line plot: docs\plots\2025-07-12\00-03-10/microstructural_change_2025-07-12_00-03-10.png
2025-07-12 00:03:10.674 | INFO     | core.fingerprint_evolver:evolve_edges:40 - Tracking sentiment_flow
2025-07-12 00:03:10.678 | DEBUG    | utils.debug_utils:log_var_state:23 - rolling_strengths: [np.float64(0.0007357302880456303), np.float64(0.0006223564741829228), np.float64(0.0006754812866209765), np.float64(0.000657331910443602), np.float64(0.0006195986218602897), np.float64(0.000709302670...
2025-07-12 00:03:10.880 | INFO     | utils.debug_utils:safe_save:44 - Saved PNG file: docs\plots\2025-07-12\00-03-10/sentiment_flow_change_2025-07-12_00-03-10.png
2025-07-12 00:03:10.880 | INFO     | core.fingerprint_evolver:evolve_edges:88 - Saved line plot: docs\plots\2025-07-12\00-03-10/sentiment_flow_change_2025-07-12_00-03-10.png
2025-07-12 00:03:11.160 | INFO     | utils.debug_utils:safe_save:44 - Saved PNG file: docs\plots\2025-07-12\00-03-11/all_patterns_bar_2025-07-12_00-03-11.png
2025-07-12 00:03:11.160 | INFO     | core.fingerprint_evolver:evolve_edges:104 - Saved bar plot: docs\plots\2025-07-12\00-03-11/all_patterns_bar_2025-07-12_00-03-11.png
2025-07-12 00:03:11.191 | INFO     | utils.logger:wrapper:135 - evolve_edges completed in 2.33s
2025-07-12 00:03:11.491 | INFO     | utils.debug_utils:safe_save:44 - Saved PNG file: docs\plots\2025-07-12\00-03-11/daily_patterns_found.png_2025-07-12_00-03-11.png
2025-07-12 00:03:11.768 | INFO     | utils.debug_utils:safe_save:44 - Saved PNG file: docs\plots\2025-07-12\00-03-11/daily_best_ways.png_2025-07-12_00-03-11.png
2025-07-12 00:03:11.977 | INFO     | utils.debug_utils:safe_save:44 - Saved PNG file: docs\plots\2025-07-12\00-03-11/daily_hold_times.png_2025-07-12_00-03-11.png
2025-07-12 00:03:12.259 | INFO     | utils.debug_utils:safe_save:44 - Saved PNG file: docs\plots\2025-07-12\00-03-12/daily_changes.png_2025-07-12_00-03-12.png
2025-07-12 00:03:12.262 | WARNING  | utils.debug_utils:check_data_sanity:18 - backtester: NaNs found—filling with 0
2025-07-12 00:03:12.657 | INFO     | utils.logger:wrapper:135 - run completed in 0.38s
2025-07-12 00:03:12.658 | WARNING  | utils.debug_utils:check_data_sanity:18 - backtester: NaNs found—filling with 0
2025-07-12 00:03:13.048 | INFO     | utils.logger:wrapper:135 - run completed in 0.38s
2025-07-12 00:03:13.049 | WARNING  | utils.debug_utils:check_data_sanity:18 - backtester: NaNs found—filling with 0
2025-07-12 00:03:13.437 | INFO     | utils.logger:wrapper:135 - run completed in 0.38s
2025-07-12 00:03:13.439 | WARNING  | utils.debug_utils:check_data_sanity:18 - backtester: NaNs found—filling with 0
2025-07-12 00:03:13.829 | INFO     | utils.logger:wrapper:135 - run completed in 0.38s
2025-07-12 00:03:13.831 | WARNING  | utils.debug_utils:check_data_sanity:18 - backtester: NaNs found—filling with 0
2025-07-12 00:03:14.221 | INFO     | utils.logger:wrapper:135 - run completed in 0.38s
2025-07-12 00:03:14.222 | WARNING  | utils.debug_utils:check_data_sanity:18 - backtester: NaNs found—filling with 0
2025-07-12 00:03:14.609 | INFO     | utils.logger:wrapper:135 - run completed in 0.38s
2025-07-12 00:03:14.610 | WARNING  | utils.debug_utils:check_data_sanity:18 - backtester: NaNs found—filling with 0
2025-07-12 00:03:14.996 | INFO     | utils.logger:wrapper:135 - run completed in 0.38s
2025-07-12 00:03:14.998 | WARNING  | utils.debug_utils:check_data_sanity:18 - backtester: NaNs found—filling with 0
2025-07-12 00:03:15.391 | INFO     | utils.logger:wrapper:135 - run completed in 0.38s
2025-07-12 00:03:15.392 | WARNING  | utils.debug_utils:check_data_sanity:18 - backtester: NaNs found—filling with 0
2025-07-12 00:03:15.778 | INFO     | utils.logger:wrapper:135 - run completed in 0.38s
2025-07-12 00:03:15.780 | WARNING  | utils.debug_utils:check_data_sanity:18 - backtester: NaNs found—filling with 0
2025-07-12 00:03:16.172 | INFO     | utils.logger:wrapper:135 - run completed in 0.38s
2025-07-12 00:03:16.174 | WARNING  | utils.debug_utils:check_data_sanity:18 - backtester: NaNs found—filling with 0
2025-07-12 00:03:16.562 | INFO     | utils.logger:wrapper:135 - run completed in 0.38s
2025-07-12 00:03:16.563 | WARNING  | utils.debug_utils:check_data_sanity:18 - backtester: NaNs found—filling with 0
2025-07-12 00:03:16.959 | INFO     | utils.logger:wrapper:135 - run completed in 0.39s
2025-07-12 00:03:16.961 | WARNING  | utils.debug_utils:check_data_sanity:18 - backtester: NaNs found—filling with 0
2025-07-12 00:03:17.347 | INFO     | utils.logger:wrapper:135 - run completed in 0.38s
2025-07-12 00:03:17.348 | WARNING  | utils.debug_utils:check_data_sanity:18 - backtester: NaNs found—filling with 0
