2025-07-11 21:09:27.872 | WARNING  | utils.debug_utils:check_data_sanity:18 - edge_scanner: NaNs found—filling with 0
2025-07-11 21:09:27.884 | INFO     | core.edge_scanner:scan_for_edges:42 - Scanning temporal: Calendar patterns (e.g., day-of-week returns diffs)
2025-07-11 21:09:27.890 | DEBUG    | utils.debug_utils:log_var_state:23 - broad_results: {'strength': np.float64(2.7111345029805188e-05), 'signif': np.float64(0.003375281320843498)}...
2025-07-11 21:09:27.890 | WARNING  | core.edge_scanner:scan_for_edges:61 - temporal low overall/better conditions—check if hidden in other types
2025-07-11 21:09:27.891 | INFO     | core.edge_scanner:scan_for_edges:42 - Scanning directional: Long/short bias (e.g., positive drift in sims)
2025-07-11 21:09:27.896 | DEBUG    | utils.debug_utils:log_var_state:23 - broad_results: {'strength': np.float64(2.7111345029805188e-05), 'signif': np.float64(0.003375281320843498)}...
2025-07-11 21:09:27.896 | WARNING  | core.edge_scanner:scan_for_edges:61 - directional low overall/better conditions—check if hidden in other types
2025-07-11 21:09:27.896 | INFO     | core.edge_scanner:scan_for_edges:42 - Scanning behavioral: Trend/reversion/chop (e.g., autocorrelation tests)
2025-07-11 21:09:27.902 | DEBUG    | utils.debug_utils:log_var_state:23 - broad_results: {'strength': np.float64(2.7111345029805188e-05), 'signif': np.float64(0.003375281320843498)}...
2025-07-11 21:09:27.902 | WARNING  | core.edge_scanner:scan_for_edges:61 - behavioral low overall/better conditions—check if hidden in other types
2025-07-11 21:09:27.902 | INFO     | core.edge_scanner:scan_for_edges:42 - Scanning conditional: Regime-dependent (e.g., subset tests on vol)
2025-07-11 21:09:27.907 | DEBUG    | utils.debug_utils:log_var_state:23 - broad_results: {'strength': np.float64(2.7111345029805188e-05), 'signif': np.float64(0.003375281320843498)}...
2025-07-11 21:09:27.907 | WARNING  | core.edge_scanner:scan_for_edges:61 - conditional low overall/better conditions—check if hidden in other types
2025-07-11 21:09:27.908 | INFO     | core.edge_scanner:scan_for_edges:42 - Scanning event_driven: News reactions (e.g., isolate Fed days)
2025-07-11 21:09:27.913 | DEBUG    | utils.debug_utils:log_var_state:23 - broad_results: {'strength': np.float64(2.7111345029805188e-05), 'signif': np.float64(0.003375281320843498)}...
2025-07-11 21:09:27.913 | WARNING  | core.edge_scanner:scan_for_edges:61 - event_driven low overall/better conditions—check if hidden in other types
2025-07-11 21:09:27.914 | INFO     | core.edge_scanner:scan_for_edges:42 - Scanning intermarket: Cross-asset links (e.g., correlation tests)
2025-07-11 21:09:27.919 | DEBUG    | utils.debug_utils:log_var_state:23 - broad_results: {'strength': np.float64(2.7111345029805188e-05), 'signif': np.float64(0.003375281320843498)}...
2025-07-11 21:09:27.919 | WARNING  | core.edge_scanner:scan_for_edges:61 - intermarket low overall/better conditions—check if hidden in other types
2025-07-11 21:09:27.919 | INFO     | core.edge_scanner:scan_for_edges:42 - Scanning microstructural: Volume/VWAP patterns
2025-07-11 21:09:27.925 | DEBUG    | utils.debug_utils:log_var_state:23 - broad_results: {'strength': np.float64(2.7111345029805188e-05), 'signif': np.float64(0.003375281320843498)}...
2025-07-11 21:09:27.925 | WARNING  | core.edge_scanner:scan_for_edges:61 - microstructural low overall/better conditions—check if hidden in other types
2025-07-11 21:09:27.925 | INFO     | core.edge_scanner:scan_for_edges:42 - Scanning sentiment_flow: Positioning extremes (e.g., COT data if available)
2025-07-11 21:09:27.930 | DEBUG    | utils.debug_utils:log_var_state:23 - broad_results: {'strength': np.float64(2.7111345029805188e-05), 'signif': np.float64(0.003375281320843498)}...
2025-07-11 21:09:27.930 | WARNING  | core.edge_scanner:scan_for_edges:61 - sentiment_flow low overall/better conditions—check if hidden in other types
2025-07-11 21:09:27.930 | INFO     | core.edge_scanner:scan_for_edges:63 - Scan complete: 8 potential patterns found
2025-07-11 21:09:27.931 | INFO     | utils.logger:wrapper:135 - scan_for_edges completed in 0.07s
2025-07-11 21:09:27.932 | INFO     | core.fingerprint_classifier:classify_edges:28 - Tagging temporal
2025-07-11 21:09:27.932 | INFO     | core.fingerprint_classifier:classify_edges:28 - Tagging directional
2025-07-11 21:09:27.932 | INFO     | core.fingerprint_classifier:classify_edges:28 - Tagging behavioral
2025-07-11 21:09:27.932 | INFO     | core.fingerprint_classifier:classify_edges:28 - Tagging conditional
2025-07-11 21:09:27.932 | INFO     | core.fingerprint_classifier:classify_edges:28 - Tagging event_driven
2025-07-11 21:09:27.932 | INFO     | core.fingerprint_classifier:classify_edges:28 - Tagging intermarket
2025-07-11 21:09:27.933 | INFO     | core.fingerprint_classifier:classify_edges:28 - Tagging microstructural
2025-07-11 21:09:27.933 | INFO     | core.fingerprint_classifier:classify_edges:28 - Tagging sentiment_flow
2025-07-11 21:09:27.933 | INFO     | core.fingerprint_classifier:classify_edges:39 - Tagging complete: 8 patterns named
2025-07-11 21:09:27.933 | INFO     | utils.logger:wrapper:135 - classify_edges completed in 0.00s
2025-07-11 21:09:27.940 | WARNING  | utils.debug_utils:check_data_sanity:18 - pattern_evolver: NaNs found—filling with 0
2025-07-11 21:09:27.959 | INFO     | core.fingerprint_evolver:evolve_edges:40 - Tracking temporal
2025-07-11 21:09:27.986 | DEBUG    | utils.debug_utils:log_var_state:23 - rolling_strengths: [np.float64(4.264160818927122e-05), np.float64(4.206566480994611e-05), np.float64(4.761150629501134e-05), np.float64(5.069830485987855e-05), np.float64(4.375736302101743e-05), np.float64(4.51624531383...
2025-07-11 21:09:28.926 | INFO     | utils.debug_utils:safe_save:44 - Saved PNG file: docs\plots\2025-07-11\21-09-28/temporal_change_2025-07-11_21-09-28.png
2025-07-11 21:09:28.927 | INFO     | core.fingerprint_evolver:evolve_edges:88 - Saved line plot: docs\plots\2025-07-11\21-09-28/temporal_change_2025-07-11_21-09-28.png
2025-07-11 21:09:28.962 | INFO     | core.fingerprint_evolver:evolve_edges:40 - Tracking directional
2025-07-11 21:09:28.987 | DEBUG    | utils.debug_utils:log_var_state:23 - rolling_strengths: [np.float64(4.2268428151234406e-05), np.float64(3.8307996975800206e-05), np.float64(4.592789032771128e-05), np.float64(3.6772069035669806e-05), np.float64(4.002387752730133e-05), np.float64(4.76862624...
2025-07-11 21:09:29.204 | INFO     | utils.debug_utils:safe_save:44 - Saved PNG file: docs\plots\2025-07-11\21-09-29/directional_change_2025-07-11_21-09-29.png
2025-07-11 21:09:29.205 | INFO     | core.fingerprint_evolver:evolve_edges:88 - Saved line plot: docs\plots\2025-07-11\21-09-29/directional_change_2025-07-11_21-09-29.png
2025-07-11 21:09:29.230 | INFO     | core.fingerprint_evolver:evolve_edges:40 - Tracking behavioral
2025-07-11 21:09:29.254 | DEBUG    | utils.debug_utils:log_var_state:23 - rolling_strengths: [np.float64(4.652341954321222e-05), np.float64(5.011088041956566e-05), np.float64(4.4396112076540634e-05), np.float64(4.411931871262811e-05), np.float64(4.750241534497258e-05), np.float64(4.7950431201...
2025-07-11 21:09:29.468 | INFO     | utils.debug_utils:safe_save:44 - Saved PNG file: docs\plots\2025-07-11\21-09-29/behavioral_change_2025-07-11_21-09-29.png
2025-07-11 21:09:29.468 | INFO     | core.fingerprint_evolver:evolve_edges:88 - Saved line plot: docs\plots\2025-07-11\21-09-29/behavioral_change_2025-07-11_21-09-29.png
2025-07-11 21:09:29.493 | INFO     | core.fingerprint_evolver:evolve_edges:40 - Tracking conditional
2025-07-11 21:09:29.518 | DEBUG    | utils.debug_utils:log_var_state:23 - rolling_strengths: [np.float64(4.0748456562040395e-05), np.float64(4.882922220573025e-05), np.float64(3.967597188592501e-05), np.float64(5.113926632921775e-05), np.float64(4.9288082043290835e-05), np.float64(4.554577251...
2025-07-11 21:09:29.736 | INFO     | utils.debug_utils:safe_save:44 - Saved PNG file: docs\plots\2025-07-11\21-09-29/conditional_change_2025-07-11_21-09-29.png
2025-07-11 21:09:29.736 | INFO     | core.fingerprint_evolver:evolve_edges:88 - Saved line plot: docs\plots\2025-07-11\21-09-29/conditional_change_2025-07-11_21-09-29.png
2025-07-11 21:09:29.761 | INFO     | core.fingerprint_evolver:evolve_edges:40 - Tracking event_driven
2025-07-11 21:09:29.785 | DEBUG    | utils.debug_utils:log_var_state:23 - rolling_strengths: [np.float64(3.900078368220157e-05), np.float64(4.2118492401688284e-05), np.float64(4.3860508739662556e-05), np.float64(4.2868740160682016e-05), np.float64(4.157932728946338e-05), np.float64(4.31576516...
2025-07-11 21:09:29.998 | INFO     | utils.debug_utils:safe_save:44 - Saved PNG file: docs\plots\2025-07-11\21-09-29/event_driven_change_2025-07-11_21-09-29.png
2025-07-11 21:09:29.998 | INFO     | core.fingerprint_evolver:evolve_edges:88 - Saved line plot: docs\plots\2025-07-11\21-09-29/event_driven_change_2025-07-11_21-09-29.png
2025-07-11 21:09:30.025 | INFO     | core.fingerprint_evolver:evolve_edges:40 - Tracking intermarket
2025-07-11 21:09:30.048 | DEBUG    | utils.debug_utils:log_var_state:23 - rolling_strengths: [np.float64(4.052605547549309e-05), np.float64(5.062702297392951e-05), np.float64(4.327542055308833e-05), np.float64(4.470437757877089e-05), np.float64(4.459526717303038e-05), np.float64(5.03934899349...
2025-07-11 21:09:30.262 | INFO     | utils.debug_utils:safe_save:44 - Saved PNG file: docs\plots\2025-07-11\21-09-30/intermarket_change_2025-07-11_21-09-30.png
2025-07-11 21:09:30.262 | INFO     | core.fingerprint_evolver:evolve_edges:88 - Saved line plot: docs\plots\2025-07-11\21-09-30/intermarket_change_2025-07-11_21-09-30.png
2025-07-11 21:09:30.288 | INFO     | core.fingerprint_evolver:evolve_edges:40 - Tracking microstructural
2025-07-11 21:09:30.311 | DEBUG    | utils.debug_utils:log_var_state:23 - rolling_strengths: [np.float64(3.913618792336033e-05), np.float64(3.341054239330484e-05), np.float64(4.230146236962729e-05), np.float64(4.650688512625515e-05), np.float64(4.269575055757171e-05), np.float64(4.31298387109...
2025-07-11 21:09:30.524 | INFO     | utils.debug_utils:safe_save:44 - Saved PNG file: docs\plots\2025-07-11\21-09-30/microstructural_change_2025-07-11_21-09-30.png
2025-07-11 21:09:30.524 | INFO     | core.fingerprint_evolver:evolve_edges:88 - Saved line plot: docs\plots\2025-07-11\21-09-30/microstructural_change_2025-07-11_21-09-30.png
2025-07-11 21:09:30.553 | INFO     | core.fingerprint_evolver:evolve_edges:40 - Tracking sentiment_flow
2025-07-11 21:09:30.578 | DEBUG    | utils.debug_utils:log_var_state:23 - rolling_strengths: [np.float64(4.3683398322567165e-05), np.float64(5.232023964178187e-05), np.float64(3.847847791889087e-05), np.float64(4.840964760879717e-05), np.float64(4.1551753847992665e-05), np.float64(5.375376479...
2025-07-11 21:09:30.788 | INFO     | utils.debug_utils:safe_save:44 - Saved PNG file: docs\plots\2025-07-11\21-09-30/sentiment_flow_change_2025-07-11_21-09-30.png
2025-07-11 21:09:30.788 | INFO     | core.fingerprint_evolver:evolve_edges:88 - Saved line plot: docs\plots\2025-07-11\21-09-30/sentiment_flow_change_2025-07-11_21-09-30.png
2025-07-11 21:09:31.049 | INFO     | utils.debug_utils:safe_save:44 - Saved PNG file: docs\plots\2025-07-11\21-09-31/all_patterns_bar_2025-07-11_21-09-31.png
2025-07-11 21:09:31.050 | INFO     | core.fingerprint_evolver:evolve_edges:104 - Saved bar plot: docs\plots\2025-07-11\21-09-31/all_patterns_bar_2025-07-11_21-09-31.png
2025-07-11 21:09:31.075 | INFO     | utils.logger:wrapper:135 - evolve_edges completed in 3.14s
