2025-07-11 21:51:59.632 | WARNING  | utils.debug_utils:check_data_sanity:18 - edge_scanner: NaNs found—filling with 0
2025-07-11 21:51:59.644 | INFO     | core.edge_scanner:scan_for_edges:42 - Scanning temporal: Calendar patterns (e.g., day-of-week returns diffs)
2025-07-11 21:51:59.651 | DEBUG    | utils.debug_utils:log_var_state:23 - broad_results: {'strength': np.float64(2.7111345029805188e-05), 'signif': np.float64(0.003375281320843498)}...
2025-07-11 21:51:59.651 | WARNING  | core.edge_scanner:scan_for_edges:61 - temporal low overall/better conditions—check if hidden in other types
2025-07-11 21:51:59.652 | INFO     | core.edge_scanner:scan_for_edges:42 - Scanning directional: Long/short bias (e.g., positive drift in sims)
2025-07-11 21:51:59.657 | DEBUG    | utils.debug_utils:log_var_state:23 - broad_results: {'strength': np.float64(2.7111345029805188e-05), 'signif': np.float64(0.003375281320843498)}...
2025-07-11 21:51:59.658 | WARNING  | core.edge_scanner:scan_for_edges:61 - directional low overall/better conditions—check if hidden in other types
2025-07-11 21:51:59.658 | INFO     | core.edge_scanner:scan_for_edges:42 - Scanning behavioral: Trend/reversion/chop (e.g., autocorrelation tests)
2025-07-11 21:51:59.663 | DEBUG    | utils.debug_utils:log_var_state:23 - broad_results: {'strength': np.float64(2.7111345029805188e-05), 'signif': np.float64(0.003375281320843498)}...
2025-07-11 21:51:59.663 | WARNING  | core.edge_scanner:scan_for_edges:61 - behavioral low overall/better conditions—check if hidden in other types
2025-07-11 21:51:59.664 | INFO     | core.edge_scanner:scan_for_edges:42 - Scanning conditional: Regime-dependent (e.g., subset tests on vol)
2025-07-11 21:51:59.668 | DEBUG    | utils.debug_utils:log_var_state:23 - broad_results: {'strength': np.float64(2.7111345029805188e-05), 'signif': np.float64(0.003375281320843498)}...
2025-07-11 21:51:59.669 | WARNING  | core.edge_scanner:scan_for_edges:61 - conditional low overall/better conditions—check if hidden in other types
2025-07-11 21:51:59.669 | INFO     | core.edge_scanner:scan_for_edges:42 - Scanning event_driven: News reactions (e.g., isolate Fed days)
2025-07-11 21:51:59.674 | DEBUG    | utils.debug_utils:log_var_state:23 - broad_results: {'strength': np.float64(2.7111345029805188e-05), 'signif': np.float64(0.003375281320843498)}...
2025-07-11 21:51:59.674 | WARNING  | core.edge_scanner:scan_for_edges:61 - event_driven low overall/better conditions—check if hidden in other types
2025-07-11 21:51:59.674 | INFO     | core.edge_scanner:scan_for_edges:42 - Scanning intermarket: Cross-asset links (e.g., correlation tests)
2025-07-11 21:51:59.679 | DEBUG    | utils.debug_utils:log_var_state:23 - broad_results: {'strength': np.float64(2.7111345029805188e-05), 'signif': np.float64(0.003375281320843498)}...
2025-07-11 21:51:59.679 | WARNING  | core.edge_scanner:scan_for_edges:61 - intermarket low overall/better conditions—check if hidden in other types
2025-07-11 21:51:59.679 | INFO     | core.edge_scanner:scan_for_edges:42 - Scanning microstructural: Volume/VWAP patterns
2025-07-11 21:51:59.684 | DEBUG    | utils.debug_utils:log_var_state:23 - broad_results: {'strength': np.float64(2.7111345029805188e-05), 'signif': np.float64(0.003375281320843498)}...
2025-07-11 21:51:59.684 | WARNING  | core.edge_scanner:scan_for_edges:61 - microstructural low overall/better conditions—check if hidden in other types
2025-07-11 21:51:59.684 | INFO     | core.edge_scanner:scan_for_edges:42 - Scanning sentiment_flow: Positioning extremes (e.g., COT data if available)
2025-07-11 21:51:59.689 | DEBUG    | utils.debug_utils:log_var_state:23 - broad_results: {'strength': np.float64(2.7111345029805188e-05), 'signif': np.float64(0.003375281320843498)}...
2025-07-11 21:51:59.689 | WARNING  | core.edge_scanner:scan_for_edges:61 - sentiment_flow low overall/better conditions—check if hidden in other types
2025-07-11 21:51:59.690 | INFO     | core.edge_scanner:scan_for_edges:63 - Scan complete: 8 potential patterns found
2025-07-11 21:51:59.691 | INFO     | utils.logger:wrapper:135 - scan_for_edges completed in 0.07s
2025-07-11 21:51:59.691 | INFO     | core.fingerprint_classifier:classify_edges:28 - Tagging temporal
2025-07-11 21:51:59.691 | INFO     | core.fingerprint_classifier:classify_edges:28 - Tagging directional
2025-07-11 21:51:59.691 | INFO     | core.fingerprint_classifier:classify_edges:28 - Tagging behavioral
2025-07-11 21:51:59.691 | INFO     | core.fingerprint_classifier:classify_edges:28 - Tagging conditional
2025-07-11 21:51:59.691 | INFO     | core.fingerprint_classifier:classify_edges:28 - Tagging event_driven
2025-07-11 21:51:59.692 | INFO     | core.fingerprint_classifier:classify_edges:28 - Tagging intermarket
2025-07-11 21:51:59.692 | INFO     | core.fingerprint_classifier:classify_edges:28 - Tagging microstructural
2025-07-11 21:51:59.692 | INFO     | core.fingerprint_classifier:classify_edges:28 - Tagging sentiment_flow
2025-07-11 21:51:59.692 | INFO     | core.fingerprint_classifier:classify_edges:39 - Tagging complete: 8 patterns named
2025-07-11 21:51:59.692 | INFO     | utils.logger:wrapper:135 - classify_edges completed in 0.00s
2025-07-11 21:51:59.699 | WARNING  | utils.debug_utils:check_data_sanity:18 - pattern_evolver: NaNs found—filling with 0
2025-07-11 21:51:59.719 | INFO     | core.fingerprint_evolver:evolve_edges:40 - Tracking temporal
2025-07-11 21:51:59.743 | DEBUG    | utils.debug_utils:log_var_state:23 - rolling_strengths: [np.float64(3.9561055352179345e-05), np.float64(4.7819970395350525e-05), np.float64(4.839877864814078e-05), np.float64(4.838860414530233e-05), np.float64(4.673105284543105e-05), np.float64(4.625770890...
2025-07-11 21:52:00.086 | INFO     | utils.debug_utils:safe_save:44 - Saved PNG file: docs\plots\2025-07-11\21-52-00/temporal_change_2025-07-11_21-52-00.png
2025-07-11 21:52:00.086 | INFO     | core.fingerprint_evolver:evolve_edges:88 - Saved line plot: docs\plots\2025-07-11\21-52-00/temporal_change_2025-07-11_21-52-00.png
2025-07-11 21:52:00.124 | INFO     | core.fingerprint_evolver:evolve_edges:40 - Tracking directional
2025-07-11 21:52:00.148 | DEBUG    | utils.debug_utils:log_var_state:23 - rolling_strengths: [np.float64(3.411180399493284e-05), np.float64(4.465427341490304e-05), np.float64(3.910641309017536e-05), np.float64(4.449675268066255e-05), np.float64(3.784940693488799e-05), np.float64(4.23118453962...
2025-07-11 21:52:00.374 | INFO     | utils.debug_utils:safe_save:44 - Saved PNG file: docs\plots\2025-07-11\21-52-00/directional_change_2025-07-11_21-52-00.png
2025-07-11 21:52:00.374 | INFO     | core.fingerprint_evolver:evolve_edges:88 - Saved line plot: docs\plots\2025-07-11\21-52-00/directional_change_2025-07-11_21-52-00.png
2025-07-11 21:52:00.400 | INFO     | core.fingerprint_evolver:evolve_edges:40 - Tracking behavioral
2025-07-11 21:52:00.424 | DEBUG    | utils.debug_utils:log_var_state:23 - rolling_strengths: [np.float64(4.032550218871616e-05), np.float64(3.929539927267518e-05), np.float64(4.6621676596834237e-05), np.float64(4.603210674518681e-05), np.float64(4.461330944357731e-05), np.float64(4.1601041671...
2025-07-11 21:52:00.641 | INFO     | utils.debug_utils:safe_save:44 - Saved PNG file: docs\plots\2025-07-11\21-52-00/behavioral_change_2025-07-11_21-52-00.png
2025-07-11 21:52:00.641 | INFO     | core.fingerprint_evolver:evolve_edges:88 - Saved line plot: docs\plots\2025-07-11\21-52-00/behavioral_change_2025-07-11_21-52-00.png
2025-07-11 21:52:00.665 | INFO     | core.fingerprint_evolver:evolve_edges:40 - Tracking conditional
2025-07-11 21:52:00.692 | DEBUG    | utils.debug_utils:log_var_state:23 - rolling_strengths: [np.float64(5.6271277883715743e-05), np.float64(4.7203842769525494e-05), np.float64(4.10159707426767e-05), np.float64(4.47409889984035e-05), np.float64(4.3212119985775004e-05), np.float64(4.6796540830...
2025-07-11 21:52:00.906 | INFO     | utils.debug_utils:safe_save:44 - Saved PNG file: docs\plots\2025-07-11\21-52-00/conditional_change_2025-07-11_21-52-00.png
2025-07-11 21:52:00.906 | INFO     | core.fingerprint_evolver:evolve_edges:88 - Saved line plot: docs\plots\2025-07-11\21-52-00/conditional_change_2025-07-11_21-52-00.png
2025-07-11 21:52:00.930 | INFO     | core.fingerprint_evolver:evolve_edges:40 - Tracking event_driven
2025-07-11 21:52:00.955 | DEBUG    | utils.debug_utils:log_var_state:23 - rolling_strengths: [np.float64(4.808681676748304e-05), np.float64(4.294861580921861e-05), np.float64(3.735256649945545e-05), np.float64(4.687406326831971e-05), np.float64(4.374002101822761e-05), np.float64(4.70163803121...
2025-07-11 21:52:01.172 | INFO     | utils.debug_utils:safe_save:44 - Saved PNG file: docs\plots\2025-07-11\21-52-01/event_driven_change_2025-07-11_21-52-01.png
2025-07-11 21:52:01.172 | INFO     | core.fingerprint_evolver:evolve_edges:88 - Saved line plot: docs\plots\2025-07-11\21-52-01/event_driven_change_2025-07-11_21-52-01.png
2025-07-11 21:52:01.202 | INFO     | core.fingerprint_evolver:evolve_edges:40 - Tracking intermarket
2025-07-11 21:52:01.226 | DEBUG    | utils.debug_utils:log_var_state:23 - rolling_strengths: [np.float64(4.191570156932968e-05), np.float64(4.726127958522835e-05), np.float64(4.48146790725631e-05), np.float64(4.589827801850634e-05), np.float64(4.2049929169427025e-05), np.float64(4.58473017928...
2025-07-11 21:52:01.443 | INFO     | utils.debug_utils:safe_save:44 - Saved PNG file: docs\plots\2025-07-11\21-52-01/intermarket_change_2025-07-11_21-52-01.png
2025-07-11 21:52:01.443 | INFO     | core.fingerprint_evolver:evolve_edges:88 - Saved line plot: docs\plots\2025-07-11\21-52-01/intermarket_change_2025-07-11_21-52-01.png
2025-07-11 21:52:01.468 | INFO     | core.fingerprint_evolver:evolve_edges:40 - Tracking microstructural
2025-07-11 21:52:01.492 | DEBUG    | utils.debug_utils:log_var_state:23 - rolling_strengths: [np.float64(4.380293733901972e-05), np.float64(4.863572192734188e-05), np.float64(4.4316977863664066e-05), np.float64(4.3543537666870275e-05), np.float64(5.0977090319836574e-05), np.float64(5.09457006...
2025-07-11 21:52:01.708 | INFO     | utils.debug_utils:safe_save:44 - Saved PNG file: docs\plots\2025-07-11\21-52-01/microstructural_change_2025-07-11_21-52-01.png
2025-07-11 21:52:01.709 | INFO     | core.fingerprint_evolver:evolve_edges:88 - Saved line plot: docs\plots\2025-07-11\21-52-01/microstructural_change_2025-07-11_21-52-01.png
2025-07-11 21:52:01.734 | INFO     | core.fingerprint_evolver:evolve_edges:40 - Tracking sentiment_flow
2025-07-11 21:52:01.759 | DEBUG    | utils.debug_utils:log_var_state:23 - rolling_strengths: [np.float64(4.410681781291072e-05), np.float64(4.814573114816849e-05), np.float64(4.317975962945967e-05), np.float64(4.268508925275146e-05), np.float64(4.004424741141475e-05), np.float64(5.05469307738...
2025-07-11 21:52:01.974 | INFO     | utils.debug_utils:safe_save:44 - Saved PNG file: docs\plots\2025-07-11\21-52-01/sentiment_flow_change_2025-07-11_21-52-01.png
2025-07-11 21:52:01.974 | INFO     | core.fingerprint_evolver:evolve_edges:88 - Saved line plot: docs\plots\2025-07-11\21-52-01/sentiment_flow_change_2025-07-11_21-52-01.png
2025-07-11 21:52:02.228 | INFO     | utils.debug_utils:safe_save:44 - Saved PNG file: docs\plots\2025-07-11\21-52-02/all_patterns_bar_2025-07-11_21-52-02.png
2025-07-11 21:52:02.228 | INFO     | core.fingerprint_evolver:evolve_edges:104 - Saved bar plot: docs\plots\2025-07-11\21-52-02/all_patterns_bar_2025-07-11_21-52-02.png
2025-07-11 21:52:02.256 | INFO     | utils.logger:wrapper:135 - evolve_edges completed in 2.56s
2025-07-11 21:52:02.257 | INFO     | __main__:<module>:63 - Export folder created: docs\fingerprint_test_1h_2025-07-11_21-52
