2025-07-12 00:01:19.037 | WARNING  | utils.debug_utils:check_data_sanity:18 - edge_scanner: NaNs found—filling with 0
2025-07-12 00:01:19.039 | INFO     | core.edge_scanner:scan_for_edges:42 - Scanning temporal: Calendar patterns (e.g., day-of-week returns diffs)
2025-07-12 00:01:19.043 | DEBUG    | utils.debug_utils:log_var_state:23 - broad_results: {'strength': np.float64(0.0004747480053472638), 'signif': np.float64(0.024475765684454545)}...
2025-07-12 00:01:19.043 | WARNING  | core.edge_scanner:scan_for_edges:61 - temporal low overall/better conditions—check if hidden in other types
2025-07-12 00:01:19.043 | INFO     | core.edge_scanner:scan_for_edges:42 - Scanning directional: Long/short bias (e.g., positive drift in sims)
2025-07-12 00:01:19.047 | DEBUG    | utils.debug_utils:log_var_state:23 - broad_results: {'strength': np.float64(0.0004747480053472638), 'signif': np.float64(0.024475765684454545)}...
2025-07-12 00:01:19.047 | WARNING  | core.edge_scanner:scan_for_edges:61 - directional low overall/better conditions—check if hidden in other types
2025-07-12 00:01:19.048 | INFO     | core.edge_scanner:scan_for_edges:42 - Scanning behavioral: Trend/reversion/chop (e.g., autocorrelation tests)
2025-07-12 00:01:19.051 | DEBUG    | utils.debug_utils:log_var_state:23 - broad_results: {'strength': np.float64(0.0004747480053472638), 'signif': np.float64(0.024475765684454545)}...
2025-07-12 00:01:19.051 | WARNING  | core.edge_scanner:scan_for_edges:61 - behavioral low overall/better conditions—check if hidden in other types
2025-07-12 00:01:19.052 | INFO     | core.edge_scanner:scan_for_edges:42 - Scanning conditional: Regime-dependent (e.g., subset tests on vol)
2025-07-12 00:01:19.055 | DEBUG    | utils.debug_utils:log_var_state:23 - broad_results: {'strength': np.float64(0.0004747480053472638), 'signif': np.float64(0.024475765684454545)}...
2025-07-12 00:01:19.055 | WARNING  | core.edge_scanner:scan_for_edges:61 - conditional low overall/better conditions—check if hidden in other types
2025-07-12 00:01:19.055 | INFO     | core.edge_scanner:scan_for_edges:42 - Scanning event_driven: News reactions (e.g., isolate Fed days)
2025-07-12 00:01:19.059 | DEBUG    | utils.debug_utils:log_var_state:23 - broad_results: {'strength': np.float64(0.0004747480053472638), 'signif': np.float64(0.024475765684454545)}...
2025-07-12 00:01:19.059 | WARNING  | core.edge_scanner:scan_for_edges:61 - event_driven low overall/better conditions—check if hidden in other types
2025-07-12 00:01:19.060 | INFO     | core.edge_scanner:scan_for_edges:42 - Scanning intermarket: Cross-asset links (e.g., correlation tests)
2025-07-12 00:01:19.062 | DEBUG    | utils.debug_utils:log_var_state:23 - broad_results: {'strength': np.float64(0.0004747480053472638), 'signif': np.float64(0.024475765684454545)}...
2025-07-12 00:01:19.063 | WARNING  | core.edge_scanner:scan_for_edges:61 - intermarket low overall/better conditions—check if hidden in other types
2025-07-12 00:01:19.063 | INFO     | core.edge_scanner:scan_for_edges:42 - Scanning microstructural: Volume/VWAP patterns
2025-07-12 00:01:19.066 | DEBUG    | utils.debug_utils:log_var_state:23 - broad_results: {'strength': np.float64(0.0004747480053472638), 'signif': np.float64(0.024475765684454545)}...
2025-07-12 00:01:19.066 | WARNING  | core.edge_scanner:scan_for_edges:61 - microstructural low overall/better conditions—check if hidden in other types
2025-07-12 00:01:19.066 | INFO     | core.edge_scanner:scan_for_edges:42 - Scanning sentiment_flow: Positioning extremes (e.g., COT data if available)
2025-07-12 00:01:19.069 | DEBUG    | utils.debug_utils:log_var_state:23 - broad_results: {'strength': np.float64(0.0004747480053472638), 'signif': np.float64(0.024475765684454545)}...
2025-07-12 00:01:19.069 | WARNING  | core.edge_scanner:scan_for_edges:61 - sentiment_flow low overall/better conditions—check if hidden in other types
2025-07-12 00:01:19.069 | INFO     | core.edge_scanner:scan_for_edges:63 - Scan complete: 8 potential patterns found
2025-07-12 00:01:19.069 | INFO     | utils.logger:wrapper:135 - scan_for_edges completed in 0.03s
2025-07-12 00:01:19.070 | INFO     | core.fingerprint_classifier:classify_edges:28 - Tagging temporal
2025-07-12 00:01:19.070 | INFO     | core.fingerprint_classifier:classify_edges:28 - Tagging directional
2025-07-12 00:01:19.070 | INFO     | core.fingerprint_classifier:classify_edges:28 - Tagging behavioral
2025-07-12 00:01:19.070 | INFO     | core.fingerprint_classifier:classify_edges:28 - Tagging conditional
2025-07-12 00:01:19.070 | INFO     | core.fingerprint_classifier:classify_edges:28 - Tagging event_driven
2025-07-12 00:01:19.070 | INFO     | core.fingerprint_classifier:classify_edges:28 - Tagging intermarket
2025-07-12 00:01:19.071 | INFO     | core.fingerprint_classifier:classify_edges:28 - Tagging microstructural
2025-07-12 00:01:19.071 | INFO     | core.fingerprint_classifier:classify_edges:28 - Tagging sentiment_flow
2025-07-12 00:01:19.071 | INFO     | core.fingerprint_classifier:classify_edges:39 - Tagging complete: 8 patterns named
2025-07-12 00:01:19.071 | INFO     | utils.logger:wrapper:135 - classify_edges completed in 0.00s
2025-07-12 00:01:19.072 | WARNING  | utils.debug_utils:check_data_sanity:18 - pattern_evolver: NaNs found—filling with 0
2025-07-12 00:01:19.078 | INFO     | core.fingerprint_evolver:evolve_edges:40 - Tracking temporal
2025-07-12 00:01:19.083 | DEBUG    | utils.debug_utils:log_var_state:23 - rolling_strengths: [np.float64(0.0005222749187063856), np.float64(0.0005780946140394493), np.float64(0.0005150369007032564), np.float64(0.0006034676837123012), np.float64(0.0005616574835610074), np.float64(0.00059102982...
2025-07-12 00:01:19.419 | INFO     | utils.debug_utils:safe_save:44 - Saved PNG file: docs\plots\2025-07-12\00-01-19/temporal_change_2025-07-12_00-01-19.png
2025-07-12 00:01:19.419 | INFO     | core.fingerprint_evolver:evolve_edges:88 - Saved line plot: docs\plots\2025-07-12\00-01-19/temporal_change_2025-07-12_00-01-19.png
2025-07-12 00:01:19.456 | INFO     | core.fingerprint_evolver:evolve_edges:40 - Tracking directional
2025-07-12 00:01:19.460 | DEBUG    | utils.debug_utils:log_var_state:23 - rolling_strengths: [np.float64(0.0006701744472697816), np.float64(0.0005949274169975799), np.float64(0.0005397912386587425), np.float64(0.0006377865572741415), np.float64(0.0006168981478264012), np.float64(0.00063957037...
2025-07-12 00:01:19.665 | INFO     | utils.debug_utils:safe_save:44 - Saved PNG file: docs\plots\2025-07-12\00-01-19/directional_change_2025-07-12_00-01-19.png
2025-07-12 00:01:19.665 | INFO     | core.fingerprint_evolver:evolve_edges:88 - Saved line plot: docs\plots\2025-07-12\00-01-19/directional_change_2025-07-12_00-01-19.png
2025-07-12 00:01:19.694 | INFO     | core.fingerprint_evolver:evolve_edges:40 - Tracking behavioral
2025-07-12 00:01:19.698 | DEBUG    | utils.debug_utils:log_var_state:23 - rolling_strengths: [np.float64(0.0006534856286909607), np.float64(0.0006619700595290809), np.float64(0.0006235927003783723), np.float64(0.0006018238730025929), np.float64(0.0006466233647836122), np.float64(0.00062600592...
2025-07-12 00:01:19.895 | INFO     | utils.debug_utils:safe_save:44 - Saved PNG file: docs\plots\2025-07-12\00-01-19/behavioral_change_2025-07-12_00-01-19.png
2025-07-12 00:01:19.895 | INFO     | core.fingerprint_evolver:evolve_edges:88 - Saved line plot: docs\plots\2025-07-12\00-01-19/behavioral_change_2025-07-12_00-01-19.png
2025-07-12 00:01:19.920 | INFO     | core.fingerprint_evolver:evolve_edges:40 - Tracking conditional
2025-07-12 00:01:19.924 | DEBUG    | utils.debug_utils:log_var_state:23 - rolling_strengths: [np.float64(0.0005596285292949401), np.float64(0.0006762194794561578), np.float64(0.0005129073318054443), np.float64(0.0005624185011371008), np.float64(0.0005648727070758753), np.float64(0.00056583557...
2025-07-12 00:01:20.119 | INFO     | utils.debug_utils:safe_save:44 - Saved PNG file: docs\plots\2025-07-12\00-01-20/conditional_change_2025-07-12_00-01-20.png
2025-07-12 00:01:20.119 | INFO     | core.fingerprint_evolver:evolve_edges:88 - Saved line plot: docs\plots\2025-07-12\00-01-20/conditional_change_2025-07-12_00-01-20.png
2025-07-12 00:01:20.145 | INFO     | core.fingerprint_evolver:evolve_edges:40 - Tracking event_driven
2025-07-12 00:01:20.149 | DEBUG    | utils.debug_utils:log_var_state:23 - rolling_strengths: [np.float64(0.0006473024806182351), np.float64(0.0006486578376043549), np.float64(0.0006605039213638202), np.float64(0.0006514831682048125), np.float64(0.0006053200157791666), np.float64(0.00058178396...
2025-07-12 00:01:20.350 | INFO     | utils.debug_utils:safe_save:44 - Saved PNG file: docs\plots\2025-07-12\00-01-20/event_driven_change_2025-07-12_00-01-20.png
2025-07-12 00:01:20.350 | INFO     | core.fingerprint_evolver:evolve_edges:88 - Saved line plot: docs\plots\2025-07-12\00-01-20/event_driven_change_2025-07-12_00-01-20.png
2025-07-12 00:01:20.376 | INFO     | core.fingerprint_evolver:evolve_edges:40 - Tracking intermarket
2025-07-12 00:01:20.380 | DEBUG    | utils.debug_utils:log_var_state:23 - rolling_strengths: [np.float64(0.0006238824949691649), np.float64(0.0005874379570653264), np.float64(0.0005555926003790262), np.float64(0.0005213728600423823), np.float64(0.0006250021053571721), np.float64(0.00060256988...
2025-07-12 00:01:20.576 | INFO     | utils.debug_utils:safe_save:44 - Saved PNG file: docs\plots\2025-07-12\00-01-20/intermarket_change_2025-07-12_00-01-20.png
2025-07-12 00:01:20.577 | INFO     | core.fingerprint_evolver:evolve_edges:88 - Saved line plot: docs\plots\2025-07-12\00-01-20/intermarket_change_2025-07-12_00-01-20.png
2025-07-12 00:01:20.601 | INFO     | core.fingerprint_evolver:evolve_edges:40 - Tracking microstructural
2025-07-12 00:01:20.605 | DEBUG    | utils.debug_utils:log_var_state:23 - rolling_strengths: [np.float64(0.0006242442169999368), np.float64(0.0006326917756140458), np.float64(0.0006634297693520158), np.float64(0.0005541920339350708), np.float64(0.0007388667424295831), np.float64(0.00065058358...
2025-07-12 00:01:20.811 | INFO     | utils.debug_utils:safe_save:44 - Saved PNG file: docs\plots\2025-07-12\00-01-20/microstructural_change_2025-07-12_00-01-20.png
2025-07-12 00:01:20.811 | INFO     | core.fingerprint_evolver:evolve_edges:88 - Saved line plot: docs\plots\2025-07-12\00-01-20/microstructural_change_2025-07-12_00-01-20.png
2025-07-12 00:01:20.835 | INFO     | core.fingerprint_evolver:evolve_edges:40 - Tracking sentiment_flow
2025-07-12 00:01:20.840 | DEBUG    | utils.debug_utils:log_var_state:23 - rolling_strengths: [np.float64(0.0006589435083907708), np.float64(0.0005756120613436377), np.float64(0.0005681081709503465), np.float64(0.00062116618058551), np.float64(0.0005496819493984896), np.float64(0.0007078578876...
2025-07-12 00:01:21.034 | INFO     | utils.debug_utils:safe_save:44 - Saved PNG file: docs\plots\2025-07-12\00-01-20/sentiment_flow_change_2025-07-12_00-01-20.png
2025-07-12 00:01:21.034 | INFO     | core.fingerprint_evolver:evolve_edges:88 - Saved line plot: docs\plots\2025-07-12\00-01-20/sentiment_flow_change_2025-07-12_00-01-20.png
2025-07-12 00:01:21.296 | INFO     | utils.debug_utils:safe_save:44 - Saved PNG file: docs\plots\2025-07-12\00-01-21/all_patterns_bar_2025-07-12_00-01-21.png
2025-07-12 00:01:21.296 | INFO     | core.fingerprint_evolver:evolve_edges:104 - Saved bar plot: docs\plots\2025-07-12\00-01-21/all_patterns_bar_2025-07-12_00-01-21.png
2025-07-12 00:01:21.321 | INFO     | utils.logger:wrapper:135 - evolve_edges completed in 2.25s
2025-07-12 00:01:21.611 | INFO     | utils.debug_utils:safe_save:44 - Saved PNG file: docs\plots\2025-07-12\00-01-21/daily_patterns_found.png_2025-07-12_00-01-21.png
2025-07-12 00:01:21.890 | INFO     | utils.debug_utils:safe_save:44 - Saved PNG file: docs\plots\2025-07-12\00-01-21/daily_best_ways.png_2025-07-12_00-01-21.png
2025-07-12 00:01:22.090 | INFO     | utils.debug_utils:safe_save:44 - Saved PNG file: docs\plots\2025-07-12\00-01-22/daily_hold_times.png_2025-07-12_00-01-22.png
2025-07-12 00:01:22.375 | INFO     | utils.debug_utils:safe_save:44 - Saved PNG file: docs\plots\2025-07-12\00-01-22/daily_changes.png_2025-07-12_00-01-22.png
2025-07-12 00:01:22.378 | WARNING  | utils.debug_utils:check_data_sanity:18 - backtester: NaNs found—filling with 0
2025-07-12 00:01:22.759 | INFO     | utils.logger:wrapper:135 - run completed in 0.37s
2025-07-12 00:01:22.761 | WARNING  | utils.debug_utils:check_data_sanity:18 - backtester: NaNs found—filling with 0
2025-07-12 00:01:23.139 | INFO     | utils.logger:wrapper:135 - run completed in 0.37s
2025-07-12 00:01:23.141 | WARNING  | utils.debug_utils:check_data_sanity:18 - backtester: NaNs found—filling with 0
2025-07-12 00:01:23.523 | INFO     | utils.logger:wrapper:135 - run completed in 0.37s
2025-07-12 00:01:23.524 | WARNING  | utils.debug_utils:check_data_sanity:18 - backtester: NaNs found—filling with 0
2025-07-12 00:01:23.906 | INFO     | utils.logger:wrapper:135 - run completed in 0.37s
2025-07-12 00:01:23.907 | WARNING  | utils.debug_utils:check_data_sanity:18 - backtester: NaNs found—filling with 0
2025-07-12 00:01:24.296 | INFO     | utils.logger:wrapper:135 - run completed in 0.38s
2025-07-12 00:01:24.297 | WARNING  | utils.debug_utils:check_data_sanity:18 - backtester: NaNs found—filling with 0
2025-07-12 00:01:24.679 | INFO     | utils.logger:wrapper:135 - run completed in 0.37s
2025-07-12 00:01:24.680 | WARNING  | utils.debug_utils:check_data_sanity:18 - backtester: NaNs found—filling with 0
2025-07-12 00:01:25.069 | INFO     | utils.logger:wrapper:135 - run completed in 0.38s
2025-07-12 00:01:25.070 | WARNING  | utils.debug_utils:check_data_sanity:18 - backtester: NaNs found—filling with 0
2025-07-12 00:01:25.453 | INFO     | utils.logger:wrapper:135 - run completed in 0.37s
2025-07-12 00:01:25.455 | WARNING  | utils.debug_utils:check_data_sanity:18 - backtester: NaNs found—filling with 0
2025-07-12 00:01:25.850 | INFO     | utils.logger:wrapper:135 - run completed in 0.39s
2025-07-12 00:01:25.851 | WARNING  | utils.debug_utils:check_data_sanity:18 - backtester: NaNs found—filling with 0
2025-07-12 00:01:26.235 | INFO     | utils.logger:wrapper:135 - run completed in 0.37s
2025-07-12 00:01:26.236 | WARNING  | utils.debug_utils:check_data_sanity:18 - backtester: NaNs found—filling with 0
2025-07-12 00:01:26.621 | INFO     | utils.logger:wrapper:135 - run completed in 0.38s
2025-07-12 00:01:26.622 | WARNING  | utils.debug_utils:check_data_sanity:18 - backtester: NaNs found—filling with 0
2025-07-12 00:01:27.011 | INFO     | utils.logger:wrapper:135 - run completed in 0.38s
2025-07-12 00:01:27.012 | WARNING  | utils.debug_utils:check_data_sanity:18 - backtester: NaNs found—filling with 0
2025-07-12 00:01:27.398 | INFO     | utils.logger:wrapper:135 - run completed in 0.38s
2025-07-12 00:01:27.399 | WARNING  | utils.debug_utils:check_data_sanity:18 - backtester: NaNs found—filling with 0
