2025-07-11 10:23:34,040 - edge_scanner - INFO - Scanning temporal: Calendar patterns (e.g., day-of-week returns diffs)
2025-07-11 10:23:34,047 - edge_scanner - INFO - Scanning directional: Long/short bias (e.g., positive drift in sims)
2025-07-11 10:23:34,051 - edge_scanner - INFO - Scanning behavioral: Trend/reversion/chop (e.g., autocorrelation tests)
2025-07-11 10:23:34,054 - edge_scanner - ERROR - Error in scan_for_edges: 'behavioral'
Traceback (most recent call last):
  File "C:\Users\rs\GitProjects\regime_system\ob_model\v2.0_precloud_reorganization_and_clean\utils\logger.py", line 307, in wrapper
    return func(*args, **kwargs)
  File "C:\Users\rs\GitProjects\regime_system\ob_model\v2.0_precloud_reorganization_and_clean\core\edge_scanner.py", line 49, in scan_for_edges
    edge_map[category]['conditional_score'] = conditional_score  # Unlock latent
    ~~~~~~~~^^^^^^^^^^
KeyError: 'behavioral'
2025-07-11 10:23:34,056 - edge_scanner - ERROR - scan_for_edges failed after 0.02s: 'behavioral'
2025-07-11 10:28:37,674 - edge_scanner - INFO - Scanning temporal: Calendar patterns (e.g., day-of-week returns diffs)
2025-07-11 10:28:37,676 - edge_scanner - WARNING - temporal low globally/conditionally—check if latent in other filters
2025-07-11 10:28:37,676 - edge_scanner - INFO - Scanning directional: Long/short bias (e.g., positive drift in sims)
2025-07-11 10:28:37,680 - edge_scanner - WARNING - directional low globally/conditionally—check if latent in other filters
2025-07-11 10:28:37,680 - edge_scanner - INFO - Scanning behavioral: Trend/reversion/chop (e.g., autocorrelation tests)
2025-07-11 10:28:37,683 - edge_scanner - INFO - Scanning conditional: Regime-dependent (e.g., subset tests on vol)
2025-07-11 10:28:37,685 - edge_scanner - WARNING - conditional low globally/conditionally—check if latent in other filters
2025-07-11 10:28:37,685 - edge_scanner - INFO - Scanning event_driven: News reactions (e.g., isolate Fed days)
2025-07-11 10:28:37,686 - edge_scanner - WARNING - event_driven low globally/conditionally—check if latent in other filters
2025-07-11 10:28:37,687 - edge_scanner - INFO - Scanning intermarket: Cross-asset links (e.g., correlation tests)
2025-07-11 10:28:37,688 - edge_scanner - WARNING - intermarket low globally/conditionally—check if latent in other filters
2025-07-11 10:28:37,688 - edge_scanner - INFO - Scanning microstructural: Volume/VWAP patterns
2025-07-11 10:28:37,689 - edge_scanner - WARNING - microstructural low globally/conditionally—check if latent in other filters
2025-07-11 10:28:37,690 - edge_scanner - INFO - Scanning sentiment_flow: Positioning extremes (e.g., COT data if available)
2025-07-11 10:28:37,691 - edge_scanner - WARNING - sentiment_flow low globally/conditionally—check if latent in other filters
2025-07-11 10:28:37,691 - edge_scanner - INFO - Scan complete: 8 potential edges found
2025-07-11 10:28:37,692 - edge_scanner - INFO - scan_for_edges completed in 0.02s
