2025-07-11 12:04:22,634 - fingerprint_evolver - INFO - Evolving temporal
2025-07-11 12:04:22,635 - fingerprint_evolver - INFO - temporal rolling scores summary: Avg 0.00
2025-07-11 12:04:22,825 - fingerprint_evolver - ERROR - Failed to save line plot for temporal: name 'logger' is not defined
2025-07-11 12:04:22,826 - fingerprint_evolver - INFO - Evolving directional
2025-07-11 12:04:22,826 - fingerprint_evolver - INFO - directional rolling scores summary: Avg 0.00
2025-07-11 12:04:22,879 - fingerprint_evolver - ERROR - Failed to save line plot for directional: name 'logger' is not defined
2025-07-11 12:04:22,880 - fingerprint_evolver - INFO - Evolving behavioral
2025-07-11 12:04:22,880 - fingerprint_evolver - INFO - behavioral rolling scores summary: Avg 0.00
2025-07-11 12:04:22,932 - fingerprint_evolver - ERROR - Failed to save line plot for behavioral: name 'logger' is not defined
2025-07-11 12:04:22,932 - fingerprint_evolver - INFO - Evolving conditional
2025-07-11 12:04:22,932 - fingerprint_evolver - INFO - conditional rolling scores summary: Avg 0.00
2025-07-11 12:04:22,984 - fingerprint_evolver - ERROR - Failed to save line plot for conditional: name 'logger' is not defined
2025-07-11 12:04:22,985 - fingerprint_evolver - INFO - Evolving event_driven
2025-07-11 12:04:22,985 - fingerprint_evolver - INFO - event_driven rolling scores summary: Avg 0.00
2025-07-11 12:04:23,038 - fingerprint_evolver - ERROR - Failed to save line plot for event_driven: name 'logger' is not defined
2025-07-11 12:04:23,038 - fingerprint_evolver - INFO - Evolving intermarket
2025-07-11 12:04:23,038 - fingerprint_evolver - INFO - intermarket rolling scores summary: Avg 0.00
2025-07-11 12:04:23,092 - fingerprint_evolver - ERROR - Failed to save line plot for intermarket: name 'logger' is not defined
2025-07-11 12:04:23,092 - fingerprint_evolver - INFO - Evolving microstructural
2025-07-11 12:04:23,092 - fingerprint_evolver - INFO - microstructural rolling scores summary: Avg 0.00
2025-07-11 12:04:23,144 - fingerprint_evolver - ERROR - Failed to save line plot for microstructural: name 'logger' is not defined
2025-07-11 12:04:23,145 - fingerprint_evolver - INFO - Evolving sentiment_flow
2025-07-11 12:04:23,145 - fingerprint_evolver - INFO - sentiment_flow rolling scores summary: Avg 0.00
2025-07-11 12:04:23,200 - fingerprint_evolver - ERROR - Failed to save line plot for sentiment_flow: name 'logger' is not defined
2025-07-11 12:04:23,267 - fingerprint_evolver - ERROR - Failed to save bar plot: name 'logger' is not defined
2025-07-11 12:04:23,268 - fingerprint_evolver - INFO - evolve_edges completed in 0.64s
